Using pre-set license
Built from '2021.3/staging' branch; Version is '2021.3.7f1 (24e8595d6d43) revision 2418777'; Using compiler version '192829333'; Build Type 'Release'
OS: 'Windows 10  (10.0.19045) 64bit CoreSingleLanguage' Language: 'tr' Physical Memory: 16263 MB
BatchMode: 1, IsHumanControllingUs: 0, StartBugReporterOnCrash: 0, Is64bit: 1, IsPro: 1

COMMAND LINE ARGUMENTS:
D:\unity\2021.3.7f1\Editor\Unity.exe
-adb2
-batchMode
-noUpm
-name
AssetImportWorker0
-projectPath
D:/unity/projeler/HyperCasual
-logFile
Logs/AssetImportWorker0.log
-srvPort
51260
Successfully changed project path to: D:/unity/projeler/HyperCasual
D:/unity/projeler/HyperCasual
[UnityMemory] Configuration Parameters - Can be set up in boot.config
    "memorysetup-bucket-allocator-granularity=16"
    "memorysetup-bucket-allocator-bucket-count=8"
    "memorysetup-bucket-allocator-block-size=33554432"
    "memorysetup-bucket-allocator-block-count=8"
    "memorysetup-main-allocator-block-size=16777216"
    "memorysetup-thread-allocator-block-size=16777216"
    "memorysetup-gfx-main-allocator-block-size=16777216"
    "memorysetup-gfx-thread-allocator-block-size=16777216"
    "memorysetup-cache-allocator-block-size=4194304"
    "memorysetup-typetree-allocator-block-size=2097152"
    "memorysetup-profiler-bucket-allocator-granularity=16"
    "memorysetup-profiler-bucket-allocator-bucket-count=8"
    "memorysetup-profiler-bucket-allocator-block-size=33554432"
    "memorysetup-profiler-bucket-allocator-block-count=8"
    "memorysetup-profiler-allocator-block-size=16777216"
    "memorysetup-profiler-editor-allocator-block-size=1048576"
    "memorysetup-temp-allocator-size-main=16777216"
    "memorysetup-job-temp-allocator-block-size=2097152"
    "memorysetup-job-temp-allocator-block-size-background=1048576"
    "memorysetup-job-temp-allocator-reduction-small-platforms=262144"
    "memorysetup-temp-allocator-size-background-worker=32768"
    "memorysetup-temp-allocator-size-job-worker=262144"
    "memorysetup-temp-allocator-size-preload-manager=33554432"
    "memorysetup-temp-allocator-size-nav-mesh-worker=65536"
    "memorysetup-temp-allocator-size-audio-worker=65536"
    "memorysetup-temp-allocator-size-cloud-worker=32768"
    "memorysetup-temp-allocator-size-gi-baking-worker=262144"
    "memorysetup-temp-allocator-size-gfx=262144"
Refreshing native plugins compatible for Editor in 89.53 ms, found 3 plugins.
Preloading 0 native plugins for Editor in 0.00 ms.
Initialize engine version: 2021.3.7f1 (24e8595d6d43)
[Subsystems] Discovering subsystems at path D:/unity/2021.3.7f1/Editor/Data/Resources/UnitySubsystems
[Subsystems] Discovering subsystems at path D:/unity/projeler/HyperCasual/Assets
GfxDevice: creating device client; threaded=0; jobified=0
Direct3D:
    Version:  Direct3D 11.0 [level 11.1]
    Renderer: NVIDIA GeForce GTX 1650 (ID=0x1f91)
    Vendor:   NVIDIA
    VRAM:     3962 MB
    Driver:   30.0.15.1259
Initialize mono
Mono path[0] = 'D:/unity/2021.3.7f1/Editor/Data/Managed'
Mono path[1] = 'D:/unity/2021.3.7f1/Editor/Data/MonoBleedingEdge/lib/mono/unityjit-win32'
Mono config path = 'D:/unity/2021.3.7f1/Editor/Data/MonoBleedingEdge/etc'
Using monoOptions --debugger-agent=transport=dt_socket,embedding=1,server=y,suspend=n,address=127.0.0.1:56872
Begin MonoManager ReloadAssembly
Registering precompiled unity dll's ...
Register platform support module: D:/unity/2021.3.7f1/Editor/Data/PlaybackEngines/WebGLSupport/UnityEditor.WebGL.Extensions.dll
Register platform support module: D:/unity/2021.3.7f1/Editor/Data/PlaybackEngines/AndroidPlayer/UnityEditor.Android.Extensions.dll
Register platform support module: D:/unity/2021.3.7f1/Editor/Data/PlaybackEngines/WindowsStandaloneSupport/UnityEditor.WindowsStandalone.Extensions.dll
Registered in 0.003688 seconds.
Native extension for WindowsStandalone target not found
Native extension for Android target not found
Native extension for WebGL target not found
Refreshing native plugins compatible for Editor in 93.20 ms, found 3 plugins.
Preloading 0 native plugins for Editor in 0.00 ms.
Mono: successfully reloaded assembly
- Completed reload, in  0.678 seconds
Domain Reload Profiling:
	ReloadAssembly (679ms)
		BeginReloadAssembly (72ms)
			ExecutionOrderSort (0ms)
			DisableScriptedObjects (0ms)
			BackupInstance (0ms)
			ReleaseScriptingObjects (0ms)
			CreateAndSetChildDomain (1ms)
		EndReloadAssembly (504ms)
			LoadAssemblies (72ms)
			RebuildTransferFunctionScriptingTraits (0ms)
			SetupTypeCache (106ms)
			ReleaseScriptCaches (0ms)
			RebuildScriptCaches (32ms)
			SetupLoadedEditorAssemblies (319ms)
				LogAssemblyErrors (0ms)
				InitializePlatformSupportModulesInManaged (54ms)
				SetLoadedEditorAssemblies (0ms)
				RefreshPlugins (93ms)
				BeforeProcessingInitializeOnLoad (1ms)
				ProcessInitializeOnLoadAttributes (113ms)
				ProcessInitializeOnLoadMethodAttributes (57ms)
				AfterProcessingInitializeOnLoad (0ms)
				EditorAssembliesLoaded (0ms)
			ExecutionOrderSort2 (0ms)
			AwakeInstancesAfterBackupRestoration (0ms)
Platform modules already initialized, skipping
Registering precompiled user dll's ...
Registered in 0.006911 seconds.
Begin MonoManager ReloadAssembly
Symbol file LoadedFromMemory doesn't match image D:\unity\projeler\HyperCasual\Library\PackageCache\com.unity.visualscripting@1.7.8\Editor\VisualScripting.Core\Dependencies\YamlDotNet\Unity.VisualScripting.YamlDotNet.dll
Symbol file LoadedFromMemory doesn't match image D:\unity\projeler\HyperCasual\Library\PackageCache\com.unity.visualscripting@1.7.8\Editor\VisualScripting.Core\Dependencies\DotNetZip\Unity.VisualScripting.IonicZip.dll
Native extension for WindowsStandalone target not found
Native extension for Android target not found
Native extension for WebGL target not found
Refreshing native plugins compatible for Editor in 0.60 ms, found 3 plugins.
Preloading 0 native plugins for Editor in 0.00 ms.
Mono: successfully reloaded assembly
- Completed reload, in  1.887 seconds
Domain Reload Profiling:
	ReloadAssembly (1889ms)
		BeginReloadAssembly (363ms)
			ExecutionOrderSort (0ms)
			DisableScriptedObjects (18ms)
			BackupInstance (0ms)
			ReleaseScriptingObjects (0ms)
			CreateAndSetChildDomain (151ms)
		EndReloadAssembly (1319ms)
			LoadAssemblies (173ms)
			RebuildTransferFunctionScriptingTraits (0ms)
			SetupTypeCache (393ms)
			ReleaseScriptCaches (1ms)
			RebuildScriptCaches (64ms)
			SetupLoadedEditorAssemblies (670ms)
				LogAssemblyErrors (0ms)
				InitializePlatformSupportModulesInManaged (18ms)
				SetLoadedEditorAssemblies (1ms)
				RefreshPlugins (1ms)
				BeforeProcessingInitializeOnLoad (125ms)
				ProcessInitializeOnLoadAttributes (467ms)
				ProcessInitializeOnLoadMethodAttributes (53ms)
				AfterProcessingInitializeOnLoad (6ms)
				EditorAssembliesLoaded (0ms)
			ExecutionOrderSort2 (0ms)
			AwakeInstancesAfterBackupRestoration (18ms)
Platform modules already initialized, skipping
========================================================================
Worker process is ready to serve import requests
Launched and connected shader compiler UnityShaderCompiler.exe after 0.08 seconds
Refreshing native plugins compatible for Editor in 0.76 ms, found 3 plugins.
Preloading 0 native plugins for Editor in 0.00 ms.
Unloading 3384 Unused Serialized files (Serialized files now loaded: 0)
Unloading 27 unused Assets / (111.5 KB). Loaded Objects now: 3848.
Memory consumption went from 119.3 MB to 119.2 MB.
Total: 4.709400 ms (FindLiveObjects: 0.396200 ms CreateObjectMapping: 0.309800 ms MarkObjects: 3.854000 ms  DeleteObjects: 0.148400 ms)

AssetImportParameters requested are different than current active one (requested -> active):
  custom:video-decoder-ogg-theora: a1e56fd34408186e4bbccfd4996cb3dc -> 
  custom:container-muxer-webm: aa71ff27fc2769a1b78a27578f13a17b -> 
  custom:container-demuxer-webm: 4f35f7cbe854078d1ac9338744f61a02 -> 
  custom:video-encoder-webm-vp8: eb34c28f22e8b96e1ab97ce403110664 -> 
  custom:video-codec-MediaFoundation-h265: 746d11721c4dcdbdad8f713fa42b33f4 -> 
  custom:audio-encoder-webm-vorbis: bf7c407c2cedff20999df2af8eb42d56 -> 
  custom:framework-win-MediaFoundation: 216162199b28c13a410421893ffa2e32 -> 
  custom:container-demuxer-ogg: 62fdf1f143b41e24485cea50d1cbac27 -> 
  custom:video-decoder-webm-vp8: 9c59270c3fd7afecdb556c50c9e8de78 -> 
  custom:audio-decoder-ogg-vorbis: bf7c407c2cedff20999df2af8eb42d56 -> 
========================================================================
Received Import Request.
  Time since last request: 784980.950760 seconds.
  path: Assets/Tarbo-CITY-TrafficLights/Meshes
  artifactKey: Guid(32aef847f8cf13649a665edbbfe9b95b) Importer(815301076,1909f56bfc062723c751e8b465ee728b)
Start importing Assets/Tarbo-CITY-TrafficLights/Meshes using Guid(32aef847f8cf13649a665edbbfe9b95b) Importer(815301076,1909f56bfc062723c751e8b465ee728b)  -> (artifact id: 'e33bc32c7912c6397a74d3520a171f65') in 0.016280 seconds 
========================================================================
Received Import Request.
  Time since last request: 0.986934 seconds.
  path: Assets/Tarbo-CITY-TrafficLights/Prefabs
  artifactKey: Guid(6aa8ffa0f51be8a49b973606eb43dd01) Importer(815301076,1909f56bfc062723c751e8b465ee728b)
Start importing Assets/Tarbo-CITY-TrafficLights/Prefabs using Guid(6aa8ffa0f51be8a49b973606eb43dd01) Importer(815301076,1909f56bfc062723c751e8b465ee728b)  -> (artifact id: '0533de5994c74e2c1894d471d3bf09f9') in 0.027439 seconds 
========================================================================
Received Import Request.
  Time since last request: 0.668131 seconds.
  path: Assets/Tarbo-CITY-TrafficLights/Prefabs/Props
  artifactKey: Guid(e6488ac164289a347980f7acc8dfc534) Importer(815301076,1909f56bfc062723c751e8b465ee728b)
Start importing Assets/Tarbo-CITY-TrafficLights/Prefabs/Props using Guid(e6488ac164289a347980f7acc8dfc534) Importer(815301076,1909f56bfc062723c751e8b465ee728b)  -> (artifact id: 'e330f3a0f6247243fab2464478b70afe') in 0.010432 seconds 
========================================================================
Received Import Request.
  Time since last request: 0.824816 seconds.
  path: Assets/Tarbo-CITY-TrafficLights/Prefabs/Props/Road
  artifactKey: Guid(d525097032824e24f90f71ea7de24fb2) Importer(815301076,1909f56bfc062723c751e8b465ee728b)
Start importing Assets/Tarbo-CITY-TrafficLights/Prefabs/Props/Road using Guid(d525097032824e24f90f71ea7de24fb2) Importer(815301076,1909f56bfc062723c751e8b465ee728b)  -> (artifact id: 'a0b0d892ace54abe05e16d853b4300db') in 0.009370 seconds 
========================================================================
Received Import Request.
  Time since last request: 0.038174 seconds.
  path: Assets/Tarbo-CITY-TrafficLights/Prefabs/Props/Road/TB_CITY_Prop_TrafficLight_4_Black.prefab
  artifactKey: Guid(4270f2a69da41c04f9d1bb111e805c6a) Importer(815301076,1909f56bfc062723c751e8b465ee728b)
Start importing Assets/Tarbo-CITY-TrafficLights/Prefabs/Props/Road/TB_CITY_Prop_TrafficLight_4_Black.prefab using Guid(4270f2a69da41c04f9d1bb111e805c6a) Importer(815301076,1909f56bfc062723c751e8b465ee728b)  -> (artifact id: '7ccf7509a6bb63bd6c08a25f48c5b85f') in 0.143286 seconds 
========================================================================
Received Import Request.
  Time since last request: 0.000026 seconds.
  path: Assets/Tarbo-CITY-TrafficLights/Prefabs/Props/Road/TB_CITY_Prop_TrafficLight_B_Green.prefab
  artifactKey: Guid(c227da9241072dd4fb78210df9553677) Importer(815301076,1909f56bfc062723c751e8b465ee728b)
Start importing Assets/Tarbo-CITY-TrafficLights/Prefabs/Props/Road/TB_CITY_Prop_TrafficLight_B_Green.prefab using Guid(c227da9241072dd4fb78210df9553677) Importer(815301076,1909f56bfc062723c751e8b465ee728b)  -> (artifact id: 'cb277c7543552001f058a07f5a63c6f2') in 0.018715 seconds 
========================================================================
Received Import Request.
  Time since last request: 0.000027 seconds.
  path: Assets/Tarbo-CITY-TrafficLights/Prefabs/Props/Road/TB_CITY_Prop_TrafficLight_Base_T_B.prefab
  artifactKey: Guid(55376877acb72ac49affb123544bdb20) Importer(815301076,1909f56bfc062723c751e8b465ee728b)
Start importing Assets/Tarbo-CITY-TrafficLights/Prefabs/Props/Road/TB_CITY_Prop_TrafficLight_Base_T_B.prefab using Guid(55376877acb72ac49affb123544bdb20) Importer(815301076,1909f56bfc062723c751e8b465ee728b)  -> (artifact id: 'dd039a226e20989d6b86a2355e96d989') in 0.021079 seconds 
========================================================================
Received Import Request.
  Time since last request: 0.000027 seconds.
  path: Assets/Tarbo-CITY-TrafficLights/Prefabs/Props/Road/TB_CITY_Prop_TrafficLight_4Set_Black.prefab
  artifactKey: Guid(967db41cbc4a3c24eb1e31617647bf32) Importer(815301076,1909f56bfc062723c751e8b465ee728b)
Start importing Assets/Tarbo-CITY-TrafficLights/Prefabs/Props/Road/TB_CITY_Prop_TrafficLight_4Set_Black.prefab using Guid(967db41cbc4a3c24eb1e31617647bf32) Importer(815301076,1909f56bfc062723c751e8b465ee728b)  -> (artifact id: '66a0194ef953f3196cff10e4dc5f9f8c') in 0.020437 seconds 
========================================================================
Received Import Request.
  Time since last request: 0.000022 seconds.
  path: Assets/Tarbo-CITY-TrafficLights/Prefabs/Props/Road/TB_CITY_Prop_TrafficLight_Base_I_B.prefab
  artifactKey: Guid(0fdaa51f7c203e64cba6c5500b58460d) Importer(815301076,1909f56bfc062723c751e8b465ee728b)
Start importing Assets/Tarbo-CITY-TrafficLights/Prefabs/Props/Road/TB_CITY_Prop_TrafficLight_Base_I_B.prefab using Guid(0fdaa51f7c203e64cba6c5500b58460d) Importer(815301076,1909f56bfc062723c751e8b465ee728b)  -> (artifact id: '6dc752bacea942f169639ef4de28e33d') in 0.019128 seconds 
========================================================================
Received Import Request.
  Time since last request: 0.000018 seconds.
  path: Assets/Tarbo-CITY-TrafficLights/Prefabs/Props/Road/TB_CITY_Prop_TrafficLight_VSet_White.prefab
  artifactKey: Guid(3bf2a3dc060bfea4cbad4dec395d2ffc) Importer(815301076,1909f56bfc062723c751e8b465ee728b)
Start importing Assets/Tarbo-CITY-TrafficLights/Prefabs/Props/Road/TB_CITY_Prop_TrafficLight_VSet_White.prefab using Guid(3bf2a3dc060bfea4cbad4dec395d2ffc) Importer(815301076,1909f56bfc062723c751e8b465ee728b)  -> (artifact id: 'f447808acd388781f7963fbd783b0309') in 0.020276 seconds 
========================================================================
Received Import Request.
  Time since last request: 0.000019 seconds.
  path: Assets/Tarbo-CITY-TrafficLights/Prefabs/Props/Road/TB_CITY_Prop_TrafficLight_A_Yellow.prefab
  artifactKey: Guid(57fb76bdd2c93e54d93dbe1ed0847ce8) Importer(815301076,1909f56bfc062723c751e8b465ee728b)
Start importing Assets/Tarbo-CITY-TrafficLights/Prefabs/Props/Road/TB_CITY_Prop_TrafficLight_A_Yellow.prefab using Guid(57fb76bdd2c93e54d93dbe1ed0847ce8) Importer(815301076,1909f56bfc062723c751e8b465ee728b)  -> (artifact id: '71d40ef467f6129a00eac94898638ce9') in 0.025996 seconds 
========================================================================
Received Import Request.
  Time since last request: 0.000027 seconds.
  path: Assets/Tarbo-CITY-TrafficLights/Prefabs/Props/Road/TB_CITY_Prop_TrafficLight_VSet_Black.prefab
  artifactKey: Guid(597e85f7f9640614fb81bc56394201e8) Importer(815301076,1909f56bfc062723c751e8b465ee728b)
Start importing Assets/Tarbo-CITY-TrafficLights/Prefabs/Props/Road/TB_CITY_Prop_TrafficLight_VSet_Black.prefab using Guid(597e85f7f9640614fb81bc56394201e8) Importer(815301076,1909f56bfc062723c751e8b465ee728b)  -> (artifact id: '6fdd0f4ef3ddf97feb97b18970ad77ba') in 0.019720 seconds 
========================================================================
Received Import Request.
  Time since last request: 0.000020 seconds.
  path: Assets/Tarbo-CITY-TrafficLights/Prefabs/Props/Road/TB_CITY_Prop_TrafficLight_A_Black.prefab
  artifactKey: Guid(682f8b1e793d91f43b2ec051e8fd4f3a) Importer(815301076,1909f56bfc062723c751e8b465ee728b)
Start importing Assets/Tarbo-CITY-TrafficLights/Prefabs/Props/Road/TB_CITY_Prop_TrafficLight_A_Black.prefab using Guid(682f8b1e793d91f43b2ec051e8fd4f3a) Importer(815301076,1909f56bfc062723c751e8b465ee728b)  -> (artifact id: '3e1a82bd52b7b1ec81808e546d5adffc') in 0.031907 seconds 
========================================================================
Received Import Request.
  Time since last request: 0.000022 seconds.
  path: Assets/Tarbo-CITY-TrafficLights/Prefabs/Props/Road/TB_CITY_Prop_TrafficLight_C_Yellow.prefab
  artifactKey: Guid(ce24a87ab63913d45abd62c7c97f2b0f) Importer(815301076,1909f56bfc062723c751e8b465ee728b)
Start importing Assets/Tarbo-CITY-TrafficLights/Prefabs/Props/Road/TB_CITY_Prop_TrafficLight_C_Yellow.prefab using Guid(ce24a87ab63913d45abd62c7c97f2b0f) Importer(815301076,1909f56bfc062723c751e8b465ee728b)  -> (artifact id: '17e07157d234be2932db0ea9e63586b2') in 0.025271 seconds 
========================================================================
Received Import Request.
  Time since last request: 0.000035 seconds.
  path: Assets/Tarbo-CITY-TrafficLights/Prefabs/Props/Road/TB_CITY_Prop_TrafficLight_B_Black.prefab
  artifactKey: Guid(a5faf4711ef4cef489a20f0ef5c5e8f3) Importer(815301076,1909f56bfc062723c751e8b465ee728b)
Start importing Assets/Tarbo-CITY-TrafficLights/Prefabs/Props/Road/TB_CITY_Prop_TrafficLight_B_Black.prefab using Guid(a5faf4711ef4cef489a20f0ef5c5e8f3) Importer(815301076,1909f56bfc062723c751e8b465ee728b)  -> (artifact id: '4750259b4cdb95b97a98232838189614') in 0.024224 seconds 
========================================================================
Received Import Request.
  Time since last request: 0.000043 seconds.
  path: Assets/Tarbo-CITY-TrafficLights/Prefabs/Props/Road/TB_CITY_Prop_TrafficLight_HSet_Black.prefab
  artifactKey: Guid(893ca2168422874479700e7bdeb2420b) Importer(815301076,1909f56bfc062723c751e8b465ee728b)
Start importing Assets/Tarbo-CITY-TrafficLights/Prefabs/Props/Road/TB_CITY_Prop_TrafficLight_HSet_Black.prefab using Guid(893ca2168422874479700e7bdeb2420b) Importer(815301076,1909f56bfc062723c751e8b465ee728b)  -> (artifact id: '58060ee4a08620a86dc47e2b18edf962') in 0.027111 seconds 
========================================================================
Received Import Request.
  Time since last request: 0.000037 seconds.
  path: Assets/Tarbo-CITY-TrafficLights/Prefabs/Props/Road/TB_CITY_Prop_TrafficLight_HSet_Yellow.prefab
  artifactKey: Guid(bf3d68831a14b034097ac0b569f49a94) Importer(815301076,1909f56bfc062723c751e8b465ee728b)
Start importing Assets/Tarbo-CITY-TrafficLights/Prefabs/Props/Road/TB_CITY_Prop_TrafficLight_HSet_Yellow.prefab using Guid(bf3d68831a14b034097ac0b569f49a94) Importer(815301076,1909f56bfc062723c751e8b465ee728b)  -> (artifact id: '3a4f69ea9106b668a3575083a826fd1f') in 0.028040 seconds 
========================================================================
Received Import Request.
  Time since last request: 0.000036 seconds.
  path: Assets/Tarbo-CITY-TrafficLights/Prefabs/Props/Road/TB_CITY_Prop_TrafficLight_4Set_Green.prefab
  artifactKey: Guid(43811916c3a68664fb20a7a6928f7442) Importer(815301076,1909f56bfc062723c751e8b465ee728b)
Start importing Assets/Tarbo-CITY-TrafficLights/Prefabs/Props/Road/TB_CITY_Prop_TrafficLight_4Set_Green.prefab using Guid(43811916c3a68664fb20a7a6928f7442) Importer(815301076,1909f56bfc062723c751e8b465ee728b)  -> (artifact id: '1494adaf280007ddb8989cedf0e9037d') in 0.022896 seconds 
========================================================================
Received Import Request.
  Time since last request: 0.000045 seconds.
  path: Assets/Tarbo-CITY-TrafficLights/Prefabs/Props/Road/TB_CITY_Prop_TrafficLight_Base_I_A.prefab
  artifactKey: Guid(d01359581b30d274798a2908a7b0b1ac) Importer(815301076,1909f56bfc062723c751e8b465ee728b)
Start importing Assets/Tarbo-CITY-TrafficLights/Prefabs/Props/Road/TB_CITY_Prop_TrafficLight_Base_I_A.prefab using Guid(d01359581b30d274798a2908a7b0b1ac) Importer(815301076,1909f56bfc062723c751e8b465ee728b)  -> (artifact id: '84488f451cad099cb4789bd32c2aa345') in 0.025281 seconds 
========================================================================
Received Import Request.
  Time since last request: 0.000058 seconds.
  path: Assets/Tarbo-CITY-TrafficLights/Prefabs/Props/Road/TB_CITY_Prop_TrafficLight_C_Green.prefab
  artifactKey: Guid(8e9ae156b744bcb46a1127513188d623) Importer(815301076,1909f56bfc062723c751e8b465ee728b)
Start importing Assets/Tarbo-CITY-TrafficLights/Prefabs/Props/Road/TB_CITY_Prop_TrafficLight_C_Green.prefab using Guid(8e9ae156b744bcb46a1127513188d623) Importer(815301076,1909f56bfc062723c751e8b465ee728b)  -> (artifact id: '8ee9dbc1632bcd01fedabbca8bbefc0a') in 0.025353 seconds 
Editor requested this worker to shutdown with reason: Scaling down because of idle timeout
AssetImportWorker is now disconnected from the server
Process exiting
Exiting without the bug reporter. Application will terminate with return code 0